#
# There is insufficient memory for the Java Runtime Environment to continue.
# Native memory allocation (mmap) failed to map 115343360 bytes for committing reserved memory.
# Possible reasons:
#   The system is out of physical RAM or swap space
#   In 32 bit mode, the process size limit was hit
# Possible solutions:
#   Reduce memory load on the system
#   Increase physical memory or swap space
#   Check if swap backing store is full
#   Use 64 bit Java on a 64 bit OS
#   Decrease Java heap size (-Xmx/-Xms)
#   Decrease number of Java threads
#   Decrease Java thread stack sizes (-Xss)
#   Set larger code cache with -XX:ReservedCodeCacheSize=
# This output file may be truncated or incomplete.
#
#  Out of Memory Error (os_linux.cpp:2630), pid=6232, tid=0x00007f32b3efe700
#
# JRE version: OpenJDK Runtime Environment (8.0_111-b14) (build 1.8.0_111-8u111-b14-3~14.04.1-b14)
# Java VM: OpenJDK 64-Bit Server VM (25.111-b14 mixed mode linux-amd64 compressed oops)
# Failed to write core dump. Core dumps have been disabled. To enable core dumping, try "ulimit -c unlimited" before starting Java again
#

---------------  T H R E A D  ---------------

Current thread (0x00007f32c80fa800):  VMThread [stack: 0x00007f32b3dfe000,0x00007f32b3eff000] [id=6240]

Stack: [0x00007f32b3dfe000,0x00007f32b3eff000],  sp=0x00007f32b3efd490,  free space=1021k
Native frames: (J=compiled Java code, j=interpreted, Vv=VM code, C=native code)
V  [libjvm.so+0x9fd2bd]
V  [libjvm.so+0x4bd82a]
V  [libjvm.so+0x860280]
V  [libjvm.so+0x85ad7f]
V  [libjvm.so+0x8d0edb]
V  [libjvm.so+0x8c1d1b]
V  [libjvm.so+0x8c1edb]
V  [libjvm.so+0x8c27b8]
V  [libjvm.so+0x8c7dcc]
V  [libjvm.so+0x8ceedd]
V  [libjvm.so+0x883303]
V  [libjvm.so+0x9fed84]
V  [libjvm.so+0xa03197]
V  [libjvm.so+0xa01c58]
V  [libjvm.so+0xa020d9]
V  [libjvm.so+0xa02522]
V  [libjvm.so+0x85d682]

VM_Operation (0x00007f32d0311390): ParallelGCFailedAllocation, mode: safepoint, requested by thread 0x00007f32c800a000


---------------  P R O C E S S  ---------------

Java Threads: ( => current thread )
  0x00007f3288001000 JavaThread "NTListener" daemon [_thread_in_native, id=6319, stack(0x00007f32ae2e0000,0x00007f32aeae1000)]
  0x00007f328401c000 JavaThread "Thread-25" [_thread_blocked, id=6318, stack(0x00007f32aeae1000,0x00007f32aebe2000)]
  0x00007f3284019000 JavaThread "Thread-24" [_thread_blocked, id=6317, stack(0x00007f32aebe2000,0x00007f32aece3000)]
  0x00007f3284017000 JavaThread "Thread-23" [_thread_blocked, id=6316, stack(0x00007f32aece3000,0x00007f32aede4000)]
  0x00007f3284015000 JavaThread "Thread-22" [_thread_blocked, id=6315, stack(0x00007f32aede4000,0x00007f32aeee5000)]
  0x00007f32c836f000 JavaThread "Thread-21" [_thread_blocked, id=6314, stack(0x00007f32aeee5000,0x00007f32aefe6000)]
  0x00007f32c836c000 JavaThread "Thread-20" [_thread_blocked, id=6313, stack(0x00007f32aefe6000,0x00007f32af0e7000)]
  0x00007f32c836b000 JavaThread "Timer-1" [_thread_blocked, id=6312, stack(0x00007f32af0e7000,0x00007f32af1e8000)]
  0x00007f32c8369000 JavaThread "Thread-18" [_thread_blocked, id=6311, stack(0x00007f32af1e8000,0x00007f32af2e9000)]
  0x00007f3284013800 JavaThread "Thread-17" [_thread_blocked, id=6310, stack(0x00007f32af2e9000,0x00007f32af3ea000)]
  0x00007f32c8364800 JavaThread "Timer-0" [_thread_blocked, id=6309, stack(0x00007f32af3ea000,0x00007f32af4eb000)]
  0x00007f3284011800 JavaThread "Thread-15" [_thread_blocked, id=6308, stack(0x00007f32af4eb000,0x00007f32af5ec000)]
  0x00007f32c8360800 JavaThread "Thread-14" [_thread_blocked, id=6307, stack(0x00007f32af5ec000,0x00007f32af6ed000)]
  0x00007f32c835f000 JavaThread "Thread-13" [_thread_blocked, id=6306, stack(0x00007f32af6ed000,0x00007f32af7ee000)]
  0x00007f32c835d000 JavaThread "Thread-12" [_thread_blocked, id=6305, stack(0x00007f32af7ee000,0x00007f32af8ef000)]
  0x00007f3284010000 JavaThread "Thread-11" [_thread_blocked, id=6304, stack(0x00007f32af8ef000,0x00007f32af9f0000)]
  0x00007f328400e800 JavaThread "Thread-10" [_thread_blocked, id=6303, stack(0x00007f32b105e000,0x00007f32b115f000)]
  0x00007f328400c800 JavaThread "Thread-9" [_thread_blocked, id=6302, stack(0x00007f32b115f000,0x00007f32b1260000)]
  0x00007f32c8352000 JavaThread "Thread-8" [_thread_blocked, id=6301, stack(0x00007f32b1260000,0x00007f32b1361000)]
  0x00007f32c8350800 JavaThread "Thread-7" [_thread_blocked, id=6300, stack(0x00007f32b1361000,0x00007f32b1462000)]
  0x00007f328400a800 JavaThread "Thread-6" [_thread_blocked, id=6299, stack(0x00007f32b1462000,0x00007f32b1563000)]
  0x00007f32c834e800 JavaThread "Thread-5" [_thread_blocked, id=6298, stack(0x00007f32b1563000,0x00007f32b1664000)]
  0x00007f32c8345000 JavaThread "Thread-4" [_thread_blocked, id=6297, stack(0x00007f32b1664000,0x00007f32b1765000)]
  0x00007f3284003800 JavaThread "Thread-3" [_thread_blocked, id=6294, stack(0x00007f32b29f9000,0x00007f32b2afa000)]
  0x00007f32c82a8000 JavaThread "Thread-2" [_thread_blocked, id=6293, stack(0x00007f32b2afa000,0x00007f32b2bfb000)]
  0x00007f32c8268800 JavaThread "Thread-1" [_thread_in_native, id=6292, stack(0x00007f32b2bfb000,0x00007f32b2cfc000)]
  0x00007f32c827c800 JavaThread "Gazebo Server Thread" [_thread_in_native, id=6248, stack(0x00007f32b2cfc000,0x00007f32b2dfd000)]
  0x00007f32c8136000 JavaThread "Service Thread" daemon [_thread_blocked, id=6246, stack(0x00007f32b3116000,0x00007f32b3217000)]
  0x00007f32c8133000 JavaThread "C1 CompilerThread1" daemon [_thread_blocked, id=6245, stack(0x00007f32b3217000,0x00007f32b3318000)]
  0x00007f32c8130000 JavaThread "C2 CompilerThread0" daemon [_thread_blocked, id=6244, stack(0x00007f32b3318000,0x00007f32b3419000)]
  0x00007f32c812e000 JavaThread "Signal Dispatcher" daemon [_thread_blocked, id=6243, stack(0x00007f32b3419000,0x00007f32b351a000)]
  0x00007f32c8106800 JavaThread "Finalizer" daemon [_thread_blocked, id=6242, stack(0x00007f32b3bfc000,0x00007f32b3cfd000)]
  0x00007f32c8102000 JavaThread "Reference Handler" daemon [_thread_blocked, id=6241, stack(0x00007f32b3cfd000,0x00007f32b3dfe000)]
  0x00007f32c800a000 JavaThread "main" [_thread_blocked, id=6234, stack(0x00007f32d0212000,0x00007f32d0313000)]

Other Threads:
=>0x00007f32c80fa800 VMThread [stack: 0x00007f32b3dfe000,0x00007f32b3eff000] [id=6240]
  0x00007f32c813c800 WatcherThread [stack: 0x00007f32b3015000,0x00007f32b3116000] [id=6247]

VM state:at safepoint (normal execution)

VM Mutex/Monitor currently owned by a thread:  ([mutex/lock_event])
[0x00007f32c8005b40] ExpandHeap_lock - owner thread: 0x00007f32c80fa800
[0x00007f32c80061c0] Threads_lock - owner thread: 0x00007f32c80fa800
[0x00007f32c80066c0] Heap_lock - owner thread: 0x00007f32c800a000

Heap:
 PSYoungGen      total 157184K, used 79305K [0x00000000f1500000, 0x0000000100000000, 0x0000000100000000)
  eden space 77312K, 0% used [0x00000000f1500000,0x00000000f1500000,0x00000000f6080000)
  from space 79872K, 99% used [0x00000000f6080000,0x00000000fadf2428,0x00000000fae80000)
  to   space 79872K, 0% used [0x00000000fb200000,0x00000000fb200000,0x0000000100000000)
 ParOldGen       total 321024K, used 320958K [0x00000000d3e00000, 0x00000000e7780000, 0x00000000f1500000)
  object space 321024K, 99% used [0x00000000d3e00000,0x00000000e776fb28,0x00000000e7780000)
 Metaspace       used 6352K, capacity 6576K, committed 6656K, reserved 1056768K
  class space    used 718K, capacity 760K, committed 768K, reserved 1048576K

Card table byte_map: [0x00007f32cc83b000,0x00007f32cc99d000] byte_map_base: 0x00007f32cc19c000

Marking Bits: (ParMarkBitMap*) 0x00007f32cf4ed2a0
 Begin Bits: [0x00007f32af9f0000, 0x00007f32b04f8000)
 End Bits:   [0x00007f32b04f8000, 0x00007f32b1000000)

Polling page: 0x00007f32d0338000

CodeCache: size=245760Kb used=2211Kb max_used=2211Kb free=243548Kb
 bounds [0x00007f32b9000000, 0x00007f32b9270000, 0x00007f32c8000000]
 total_blobs=817 nmethods=526 adapters=207
 compilation: enabled

Compilation events (10 events):
Event: 101.958 Thread 0x00007f32c8133000  530       3       edu.wpi.first.wpilibj.internal.SimTimer$1::callback (9 bytes)
Event: 101.960 Thread 0x00007f32c8133000 nmethod 530 0x00007f32b9214890 code [0x00007f32b9214a40, 0x00007f32b92151c8]
Event: 101.960 Thread 0x00007f32c8133000  525       3       gazebo.msgs.GzBool$Bool$1::parsePartialFrom (7 bytes)
Event: 101.960 Thread 0x00007f32c8133000 nmethod 525 0x00007f32b9214250 code [0x00007f32b92143e0, 0x00007f32b9214708]
Event: 101.960 Thread 0x00007f32c8133000  526       3       edu.wpi.first.wpilibj.simulation.SimDigitalInput$1::callback (9 bytes)
Event: 101.960 Thread 0x00007f32c8133000 nmethod 526 0x00007f32b921f650 code [0x00007f32b921f7e0, 0x00007f32b921fb90]
Event: 101.960 Thread 0x00007f32c8133000  528       3       gazebo.msgs.GzBool$Bool::isInitialized (42 bytes)
Event: 101.960 Thread 0x00007f32c8133000 nmethod 528 0x00007f32b921f090 code [0x00007f32b921f200, 0x00007f32b921f590]
Event: 101.973 Thread 0x00007f32c8133000  534 % !   3       org.gazebosim.transport.Subscriber::handle_connect @ 128 (196 bytes)
Event: 101.982 Thread 0x00007f32c8133000 nmethod 534% 0x00007f32b9223ad0 code [0x00007f32b92240e0, 0x00007f32b9228708]

GC Heap History (10 events):
Event: 88.011 GC heap after
Heap after GC invocations=14 (full 4):
 PSYoungGen      total 136704K, used 73728K [0x00000000f1500000, 0x00000000fe880000, 0x0000000100000000)
  eden space 56832K, 0% used [0x00000000f1500000,0x00000000f1500000,0x00000000f4c80000)
  from space 79872K, 92% used [0x00000000f9a80000,0x00000000fe280010,0x00000000fe880000)
  to   space 79872K, 0% used [0x00000000f4c80000,0x00000000f4c80000,0x00000000f9a80000)
 ParOldGen       total 223232K, used 153255K [0x00000000d3e00000, 0x00000000e1800000, 0x00000000f1500000)
  object space 223232K, 68% used [0x00000000d3e00000,0x00000000dd3a9fb8,0x00000000e1800000)
 Metaspace       used 6332K, capacity 6576K, committed 6656K, reserved 1056768K
  class space    used 718K, capacity 760K, committed 768K, reserved 1048576K
}
Event: 88.125 GC heap before
{Heap before GC invocations=15 (full 4):
 PSYoungGen      total 136704K, used 130560K [0x00000000f1500000, 0x00000000fe880000, 0x0000000100000000)
  eden space 56832K, 100% used [0x00000000f1500000,0x00000000f4c80000,0x00000000f4c80000)
  from space 79872K, 92% used [0x00000000f9a80000,0x00000000fe280010,0x00000000fe880000)
  to   space 79872K, 0% used [0x00000000f4c80000,0x00000000f4c80000,0x00000000f9a80000)
 ParOldGen       total 223232K, used 153255K [0x00000000d3e00000, 0x00000000e1800000, 0x00000000f1500000)
  object space 223232K, 68% used [0x00000000d3e00000,0x00000000dd3a9fb8,0x00000000e1800000)
 Metaspace       used 6332K, capacity 6576K, committed 6656K, reserved 1056768K
  class space    used 718K, capacity 760K, committed 768K, reserved 1048576K
Event: 91.042 GC heap after
Heap after GC invocations=15 (full 4):
 PSYoungGen      total 136704K, used 79840K [0x00000000f1500000, 0x00000000ffc80000, 0x0000000100000000)
  eden space 56832K, 0% used [0x00000000f1500000,0x00000000f1500000,0x00000000f4c80000)
  from space 79872K, 99% used [0x00000000f4c80000,0x00000000f9a78010,0x00000000f9a80000)
  to   space 79872K, 0% used [0x00000000fae80000,0x00000000fae80000,0x00000000ffc80000)
 ParOldGen       total 223232K, used 203319K [0x00000000d3e00000, 0x00000000e1800000, 0x00000000f1500000)
  object space 223232K, 91% used [0x00000000d3e00000,0x00000000e048dfb8,0x00000000e1800000)
 Metaspace       used 6332K, capacity 6576K, committed 6656K, reserved 1056768K
  class space    used 718K, capacity 760K, committed 768K, reserved 1048576K
}
Event: 91.042 GC heap before
{Heap before GC invocations=16 (full 5):
 PSYoungGen      total 136704K, used 79840K [0x00000000f1500000, 0x00000000ffc80000, 0x0000000100000000)
  eden space 56832K, 0% used [0x00000000f1500000,0x00000000f1500000,0x00000000f4c80000)
  from space 79872K, 99% used [0x00000000f4c80000,0x00000000f9a78010,0x00000000f9a80000)
  to   space 79872K, 0% used [0x00000000fae80000,0x00000000fae80000,0x00000000ffc80000)
 ParOldGen       total 223232K, used 203319K [0x00000000d3e00000, 0x00000000e1800000, 0x00000000f1500000)
  object space 223232K, 91% used [0x00000000d3e00000,0x00000000e048dfb8,0x00000000e1800000)
 Metaspace       used 6332K, capacity 6576K, committed 6656K, reserved 1056768K
  class space    used 718K, capacity 760K, committed 768K, reserved 1048576K
Event: 96.169 GC heap after
Heap after GC invocations=16 (full 5):
 PSYoungGen      total 136704K, used 57277K [0x00000000f1500000, 0x00000000ffc80000, 0x0000000100000000)
  eden space 56832K, 0% used [0x00000000f1500000,0x00000000f1500000,0x00000000f4c80000)
  from space 79872K, 71% used [0x00000000f4c80000,0x00000000f846f560,0x00000000f9a80000)
  to   space 79872K, 0% used [0x00000000fae80000,0x00000000fae80000,0x00000000ffc80000)
 ParOldGen       total 310784K, used 223079K [0x00000000d3e00000, 0x00000000e6d80000, 0x00000000f1500000)
  object space 310784K, 71% used [0x00000000d3e00000,0x00000000e17d9e20,0x00000000e6d80000)
 Metaspace       used 6332K, capacity 6576K, committed 6656K, reserved 1056768K
  class space    used 718K, capacity 760K, committed 768K, reserved 1048576K
}
Event: 96.208 GC heap before
{Heap before GC invocations=17 (full 5):
 PSYoungGen      total 136704K, used 114109K [0x00000000f1500000, 0x00000000ffc80000, 0x0000000100000000)
  eden space 56832K, 100% used [0x00000000f1500000,0x00000000f4c80000,0x00000000f4c80000)
  from space 79872K, 71% used [0x00000000f4c80000,0x00000000f846f560,0x00000000f9a80000)
  to   space 79872K, 0% used [0x00000000fae80000,0x00000000fae80000,0x00000000ffc80000)
 ParOldGen       total 310784K, used 223079K [0x00000000d3e00000, 0x00000000e6d80000, 0x00000000f1500000)
  object space 310784K, 71% used [0x00000000d3e00000,0x00000000e17d9e20,0x00000000e6d80000)
 Metaspace       used 6332K, capacity 6576K, committed 6656K, reserved 1056768K
  class space    used 718K, capacity 760K, committed 768K, reserved 1048576K
Event: 101.659 GC heap after
Heap after GC invocations=17 (full 5):
 PSYoungGen      total 156160K, used 79872K [0x00000000f1500000, 0x00000000ffc80000, 0x0000000100000000)
  eden space 76288K, 0% used [0x00000000f1500000,0x00000000f1500000,0x00000000f5f80000)
  from space 79872K, 100% used [0x00000000fae80000,0x00000000ffc80000,0x00000000ffc80000)
  to   space 79872K, 0% used [0x00000000f6080000,0x00000000f6080000,0x00000000fae80000)
 ParOldGen       total 310784K, used 256223K [0x00000000d3e00000, 0x00000000e6d80000, 0x00000000f1500000)
  object space 310784K, 82% used [0x00000000d3e00000,0x00000000e3837e20,0x00000000e6d80000)
 Metaspace       used 6332K, capacity 6576K, committed 6656K, reserved 1056768K
  class space    used 718K, capacity 760K, committed 768K, reserved 1048576K
}
Event: 101.982 GC heap before
{Heap before GC invocations=18 (full 5):
 PSYoungGen      total 156160K, used 152004K [0x00000000f1500000, 0x00000000ffc80000, 0x0000000100000000)
  eden space 76288K, 94% used [0x00000000f1500000,0x00000000f5b71088,0x00000000f5f80000)
  from space 79872K, 100% used [0x00000000fae80000,0x00000000ffc80000,0x00000000ffc80000)
  to   space 79872K, 0% used [0x00000000f6080000,0x00000000f6080000,0x00000000fae80000)
 ParOldGen       total 310784K, used 256223K [0x00000000d3e00000, 0x00000000e6d80000, 0x00000000f1500000)
  object space 310784K, 82% used [0x00000000d3e00000,0x00000000e3837e20,0x00000000e6d80000)
 Metaspace       used 6352K, capacity 6576K, committed 6656K, reserved 1056768K
  class space    used 718K, capacity 760K, committed 768K, reserved 1048576K
Event: 113.375 GC heap after
Heap after GC invocations=18 (full 5):
 PSYoungGen      total 157184K, used 79872K [0x00000000f1500000, 0x0000000100000000, 0x0000000100000000)
  eden space 77312K, 0% used [0x00000000f1500000,0x00000000f1500000,0x00000000f6080000)
  from space 79872K, 100% used [0x00000000f6080000,0x00000000fae80000,0x00000000fae80000)
  to   space 79872K, 0% used [0x00000000fb200000,0x00000000fb200000,0x0000000100000000)
 ParOldGen       total 321024K, used 320855K [0x00000000d3e00000, 0x00000000e7780000, 0x00000000f1500000)
  object space 321024K, 99% used [0x00000000d3e00000,0x00000000e7755e20,0x00000000e7780000)
 Metaspace       used 6352K, capacity 6576K, committed 6656K, reserved 1056768K
  class space    used 718K, capacity 760K, committed 768K, reserved 1048576K
}
Event: 113.375 GC heap before
{Heap before GC invocations=19 (full 6):
 PSYoungGen      total 157184K, used 79872K [0x00000000f1500000, 0x0000000100000000, 0x0000000100000000)
  eden space 77312K, 0% used [0x00000000f1500000,0x00000000f1500000,0x00000000f6080000)
  from space 79872K, 100% used [0x00000000f6080000,0x00000000fae80000,0x00000000fae80000)
  to   space 79872K, 0% used [0x00000000fb200000,0x00000000fb200000,0x0000000100000000)
 ParOldGen       total 321024K, used 320855K [0x00000000d3e00000, 0x00000000e7780000, 0x00000000f1500000)
  object space 321024K, 99% used [0x00000000d3e00000,0x00000000e7755e20,0x00000000e7780000)
 Metaspace       used 6352K, capacity 6576K, committed 6656K, reserved 1056768K
  class space    used 718K, capacity 760K, committed 768K, reserved 1048576K

Deoptimization events (0 events):
No events

Internal exceptions (10 events):
Event: 55.146 Thread 0x00007f32c800a000 Exception <a 'java/net/ConnectException'> (0x00000000f1628f08) thrown at [/build/openjdk-8-8itSJj/openjdk-8-8u111-b14/src/hotspot/src/share/vm/prims/jni.cpp, line 709]
Event: 60.159 Thread 0x00007f32c800a000 Exception <a 'java/net/ConnectException'> (0x00000000f162a150) thrown at [/build/openjdk-8-8itSJj/openjdk-8-8u111-b14/src/hotspot/src/share/vm/prims/jni.cpp, line 709]
Event: 65.160 Thread 0x00007f32c800a000 Exception <a 'java/net/ConnectException'> (0x00000000f162b218) thrown at [/build/openjdk-8-8itSJj/openjdk-8-8u111-b14/src/hotspot/src/share/vm/prims/jni.cpp, line 709]
Event: 70.161 Thread 0x00007f32c800a000 Exception <a 'java/net/ConnectException'> (0x00000000f162c2e0) thrown at [/build/openjdk-8-8itSJj/openjdk-8-8u111-b14/src/hotspot/src/share/vm/prims/jni.cpp, line 709]
Event: 75.493 Thread 0x00007f32c800a000 Exception <a 'java/security/PrivilegedActionException'> (0x00000000f1c38fb0) thrown at [/build/openjdk-8-8itSJj/openjdk-8-8u111-b14/src/hotspot/src/share/vm/prims/jvm.cpp, line 1386]
Event: 75.493 Thread 0x00007f32c800a000 Exception <a 'java/security/PrivilegedActionException'> (0x00000000f1c391c0) thrown at [/build/openjdk-8-8itSJj/openjdk-8-8u111-b14/src/hotspot/src/share/vm/prims/jvm.cpp, line 1386]
Event: 75.493 Thread 0x00007f32c800a000 Exception <a 'java/security/PrivilegedActionException'> (0x00000000f1c3b228) thrown at [/build/openjdk-8-8itSJj/openjdk-8-8u111-b14/src/hotspot/src/share/vm/prims/jvm.cpp, line 1386]
Event: 75.493 Thread 0x00007f32c800a000 Exception <a 'java/security/PrivilegedActionException'> (0x00000000f1c3b438) thrown at [/build/openjdk-8-8itSJj/openjdk-8-8u111-b14/src/hotspot/src/share/vm/prims/jvm.cpp, line 1386]
Event: 75.493 Thread 0x00007f32c800a000 Exception <a 'java/security/PrivilegedActionException'> (0x00000000f1c3bf08) thrown at [/build/openjdk-8-8itSJj/openjdk-8-8u111-b14/src/hotspot/src/share/vm/prims/jvm.cpp, line 1386]
Event: 75.493 Thread 0x00007f32c800a000 Exception <a 'java/security/PrivilegedActionException'> (0x00000000f1c3c118) thrown at [/build/openjdk-8-8itSJj/openjdk-8-8u111-b14/src/hotspot/src/share/vm/prims/jvm.cpp, line 1386]

Events (10 events):
Event: 84.904 loading class com/google/protobuf/UnknownFieldSet$Field$Builder done
Event: 84.945 Executing VM operation: ParallelGCFailedAllocation
Event: 87.136 Executing VM operation: ParallelGCFailedAllocation done
Event: 87.221 Executing VM operation: ParallelGCFailedAllocation
Event: 88.011 Executing VM operation: ParallelGCFailedAllocation done
Event: 88.125 Executing VM operation: ParallelGCFailedAllocation
Event: 96.170 Executing VM operation: ParallelGCFailedAllocation done
Event: 96.208 Executing VM operation: ParallelGCFailedAllocation
Event: 101.659 Executing VM operation: ParallelGCFailedAllocation done
Event: 101.982 Executing VM operation: ParallelGCFailedAllocation


Dynamic libraries:
00400000-00401000 r-xp 00000000 08:01 132689                             /usr/lib/jvm/java-8-openjdk-amd64/jre/bin/java
00600000-00601000 r--p 00000000 08:01 132689                             /usr/lib/jvm/java-8-openjdk-amd64/jre/bin/java
00601000-00602000 rw-p 00001000 08:01 132689                             /usr/lib/jvm/java-8-openjdk-amd64/jre/bin/java
01e82000-01ea3000 rw-p 00000000 00:00 0                                  [heap]
d3e00000-e7780000 rw-p 00000000 00:00 0 
ee580000-f1500000 ---p 00000000 00:00 0 
f1500000-100000000 rw-p 00000000 00:00 0 
100000000-1000c0000 rw-p 00000000 00:00 0 
1000c0000-140000000 ---p 00000000 00:00 0 
7f3278000000-7f3278021000 rw-p 00000000 00:00 0 
7f3278021000-7f327c000000 ---p 00000000 00:00 0 
7f327c000000-7f327c021000 rw-p 00000000 00:00 0 
7f327c021000-7f3280000000 ---p 00000000 00:00 0 
7f3280000000-7f3280021000 rw-p 00000000 00:00 0 
7f3280021000-7f3284000000 ---p 00000000 00:00 0 
7f3284000000-7f3284025000 rw-p 00000000 00:00 0 
7f3284025000-7f3288000000 ---p 00000000 00:00 0 
7f3288000000-7f3288021000 rw-p 00000000 00:00 0 
7f3288021000-7f328c000000 ---p 00000000 00:00 0 
7f328c000000-7f328c021000 rw-p 00000000 00:00 0 
7f328c021000-7f3290000000 ---p 00000000 00:00 0 
7f3290000000-7f32901de000 rw-p 00000000 00:00 0 
7f32901de000-7f3294000000 ---p 00000000 00:00 0 
7f3294000000-7f3294121000 rw-p 00000000 00:00 0 
7f3294121000-7f3298000000 ---p 00000000 00:00 0 
7f3298000000-7f3298021000 rw-p 00000000 00:00 0 
7f3298021000-7f329c000000 ---p 00000000 00:00 0 
7f329c000000-7f329c021000 rw-p 00000000 00:00 0 
7f329c021000-7f32a0000000 ---p 00000000 00:00 0 
7f32a0000000-7f32a0021000 rw-p 00000000 00:00 0 
7f32a0021000-7f32a4000000 ---p 00000000 00:00 0 
7f32a4000000-7f32a4021000 rw-p 00000000 00:00 0 
7f32a4021000-7f32a8000000 ---p 00000000 00:00 0 
7f32a8000000-7f32a829b000 rw-p 00000000 00:00 0 
7f32a829b000-7f32ac000000 ---p 00000000 00:00 0 
7f32ae2e0000-7f32ae2e3000 ---p 00000000 00:00 0 
7f32ae2e3000-7f32aeae1000 rw-p 00000000 00:00 0 
7f32aeae1000-7f32aeae4000 ---p 00000000 00:00 0 
7f32aeae4000-7f32aebe2000 rw-p 00000000 00:00 0 
7f32aebe2000-7f32aebe5000 ---p 00000000 00:00 0 
7f32aebe5000-7f32aece3000 rw-p 00000000 00:00 0 
7f32aece3000-7f32aece6000 ---p 00000000 00:00 0 
7f32aece6000-7f32aede4000 rw-p 00000000 00:00 0 
7f32aede4000-7f32aede7000 ---p 00000000 00:00 0 
7f32aede7000-7f32aeee5000 rw-p 00000000 00:00 0 
7f32aeee5000-7f32aeee8000 ---p 00000000 00:00 0 
7f32aeee8000-7f32aefe6000 rw-p 00000000 00:00 0 
7f32aefe6000-7f32aefe9000 ---p 00000000 00:00 0 
7f32aefe9000-7f32af0e7000 rw-p 00000000 00:00 0 
7f32af0e7000-7f32af0ea000 ---p 00000000 00:00 0 
7f32af0ea000-7f32af1e8000 rw-p 00000000 00:00 0 
7f32af1e8000-7f32af1eb000 ---p 00000000 00:00 0 
7f32af1eb000-7f32af2e9000 rw-p 00000000 00:00 0 
7f32af2e9000-7f32af2ec000 ---p 00000000 00:00 0 
7f32af2ec000-7f32af3ea000 rw-p 00000000 00:00 0 
7f32af3ea000-7f32af3ed000 ---p 00000000 00:00 0 
7f32af3ed000-7f32af4eb000 rw-p 00000000 00:00 0 
7f32af4eb000-7f32af4ee000 ---p 00000000 00:00 0 
7f32af4ee000-7f32af5ec000 rw-p 00000000 00:00 0 
7f32af5ec000-7f32af5ef000 ---p 00000000 00:00 0 
7f32af5ef000-7f32af6ed000 rw-p 00000000 00:00 0 
7f32af6ed000-7f32af6f0000 ---p 00000000 00:00 0 
7f32af6f0000-7f32af7ee000 rw-p 00000000 00:00 0 
7f32af7ee000-7f32af7f1000 ---p 00000000 00:00 0 
7f32af7f1000-7f32af8ef000 rw-p 00000000 00:00 0 
7f32af8ef000-7f32af8f2000 ---p 00000000 00:00 0 
7f32af8f2000-7f32b1000000 rw-p 00000000 00:00 0 
7f32b105e000-7f32b1061000 ---p 00000000 00:00 0 
7f32b1061000-7f32b115f000 rw-p 00000000 00:00 0 
7f32b115f000-7f32b1162000 ---p 00000000 00:00 0 
7f32b1162000-7f32b1260000 rw-p 00000000 00:00 0 
7f32b1260000-7f32b1263000 ---p 00000000 00:00 0 
7f32b1263000-7f32b1361000 rw-p 00000000 00:00 0 
7f32b1361000-7f32b1364000 ---p 00000000 00:00 0 
7f32b1364000-7f32b1462000 rw-p 00000000 00:00 0 
7f32b1462000-7f32b1465000 ---p 00000000 00:00 0 
7f32b1465000-7f32b1563000 rw-p 00000000 00:00 0 
7f32b1563000-7f32b1566000 ---p 00000000 00:00 0 
7f32b1566000-7f32b1664000 rw-p 00000000 00:00 0 
7f32b1664000-7f32b1667000 ---p 00000000 00:00 0 
7f32b1667000-7f32b1765000 rw-p 00000000 00:00 0 
7f32b1765000-7f32b1766000 ---p 00000000 00:00 0 
7f32b1766000-7f32b1f66000 rw-p 00000000 00:00 0 
7f32b1f66000-7f32b1f67000 ---p 00000000 00:00 0 
7f32b1f67000-7f32b2767000 rw-p 00000000 00:00 0 
7f32b2767000-7f32b27f6000 r-xp 00000000 08:01 45434                      /tmp/libNetworkTablesJNI8675162265053114517.so
7f32b27f6000-7f32b29f5000 ---p 0008f000 08:01 45434                      /tmp/libNetworkTablesJNI8675162265053114517.so
7f32b29f5000-7f32b29f7000 r--p 0008e000 08:01 45434                      /tmp/libNetworkTablesJNI8675162265053114517.so
7f32b29f7000-7f32b29f8000 rw-p 00090000 08:01 45434                      /tmp/libNetworkTablesJNI8675162265053114517.so
7f32b29f8000-7f32b29f9000 rw-p 00000000 00:00 0 
7f32b29f9000-7f32b29fc000 ---p 00000000 00:00 0 
7f32b29fc000-7f32b2afa000 rw-p 00000000 00:00 0 
7f32b2afa000-7f32b2afd000 ---p 00000000 00:00 0 
7f32b2afd000-7f32b2bfb000 rw-p 00000000 00:00 0 
7f32b2bfb000-7f32b2bfe000 ---p 00000000 00:00 0 
7f32b2bfe000-7f32b2cfc000 rw-p 00000000 00:00 0 
7f32b2cfc000-7f32b2cff000 ---p 00000000 00:00 0 
7f32b2cff000-7f32b2dfd000 rw-p 00000000 00:00 0 
7f32b2dfd000-7f32b2e13000 r-xp 00000000 08:01 132643                     /usr/lib/jvm/java-8-openjdk-amd64/jre/lib/amd64/libnet.so
7f32b2e13000-7f32b3013000 ---p 00016000 08:01 132643                     /usr/lib/jvm/java-8-openjdk-amd64/jre/lib/amd64/libnet.so
7f32b3013000-7f32b3014000 r--p 00016000 08:01 132643                     /usr/lib/jvm/java-8-openjdk-amd64/jre/lib/amd64/libnet.so
7f32b3014000-7f32b3015000 rw-p 00017000 08:01 132643                     /usr/lib/jvm/java-8-openjdk-amd64/jre/lib/amd64/libnet.so
7f32b3015000-7f32b3016000 ---p 00000000 00:00 0 
7f32b3016000-7f32b3116000 rw-p 00000000 00:00 0 
7f32b3116000-7f32b3119000 ---p 00000000 00:00 0 
7f32b3119000-7f32b3217000 rw-p 00000000 00:00 0 
7f32b3217000-7f32b321a000 ---p 00000000 00:00 0 
7f32b321a000-7f32b3318000 rw-p 00000000 00:00 0 
7f32b3318000-7f32b331b000 ---p 00000000 00:00 0 
7f32b331b000-7f32b3419000 rw-p 00000000 00:00 0 
7f32b3419000-7f32b341c000 ---p 00000000 00:00 0 
7f32b341c000-7f32b351a000 rw-p 00000000 00:00 0 
7f32b351a000-7f32b3bfc000 r--p 00000000 08:01 141015                     /usr/lib/locale/locale-archive
7f32b3bfc000-7f32b3bff000 ---p 00000000 00:00 0 
7f32b3bff000-7f32b3cfd000 rw-p 00000000 00:00 0 
7f32b3cfd000-7f32b3d00000 ---p 00000000 00:00 0 
7f32b3d00000-7f32b3dfe000 rw-p 00000000 00:00 0 
7f32b3dfe000-7f32b3dff000 ---p 00000000 00:00 0 
7f32b3dff000-7f32b4000000 rw-p 00000000 00:00 0 
7f32b4000000-7f32b40fd000 rw-p 00000000 00:00 0 
7f32b40fd000-7f32b8000000 ---p 00000000 00:00 0 
7f32b80f9000-7f32b8dc0000 rw-p 00000000 00:00 0 
7f32b8dc0000-7f32b9000000 ---p 00000000 00:00 0 
7f32b9000000-7f32b9270000 rwxp 00000000 00:00 0 
7f32b9270000-7f32c8000000 ---p 00000000 00:00 0 
7f32c8000000-7f32c8372000 rw-p 00000000 00:00 0 
7f32c8372000-7f32cc000000 ---p 00000000 00:00 0 
7f32cc067000-7f32cc068000 rw-p 00000000 00:00 0 
7f32cc068000-7f32cc06c000 r--s 00097000 08:01 132614                     /usr/lib/jvm/java-8-openjdk-amd64/jre/lib/jsse.jar
7f32cc06c000-7f32cc08a000 r--s 006a0000 08:01 345556                     /home/naccontrols/eclipse_workspace/GearsBot_CmdDemo/dist/FRCUserProgramSim.jar
7f32cc08a000-7f32cc08b000 r--s 00010000 08:01 132675                     /usr/lib/jvm/java-8-openjdk-amd64/jre/lib/ext/zipfs.jar
7f32cc08b000-7f32cc0a6000 r--s 001d5000 08:01 132670                     /usr/lib/jvm/java-8-openjdk-amd64/jre/lib/ext/nashorn.jar
7f32cc0a6000-7f32cc0a8000 r--s 00006000 08:01 324326                     /usr/share/java/java-atk-wrapper.jar
7f32cc0a8000-7f32cc0ab000 r--s 0000f000 08:01 132673                     /usr/lib/jvm/java-8-openjdk-amd64/jre/lib/ext/icedtea-sound.jar
7f32cc0ab000-7f32cc0c6000 r--s 00394000 08:01 132674                     /usr/lib/jvm/java-8-openjdk-amd64/jre/lib/ext/cldrdata.jar
7f32cc0c6000-7f32cc0d0000 r--s 00116000 08:01 132667                     /usr/lib/jvm/java-8-openjdk-amd64/jre/lib/ext/localedata.jar
7f32cc0d0000-7f32cc21e000 rw-p 00000000 00:00 0 
7f32cc21e000-7f32cc3ec000 r--s 03bf1000 08:01 132681                     /usr/lib/jvm/java-8-openjdk-amd64/jre/lib/rt.jar
7f32cc3ec000-7f32cc54d000 rw-p 00000000 00:00 0 
7f32cc54d000-7f32cc54e000 ---p 00000000 00:00 0 
7f32cc54e000-7f32cc64e000 rw-p 00000000 00:00 0 
7f32cc64e000-7f32cc64f000 ---p 00000000 00:00 0 
7f32cc64f000-7f32cc7ec000 rw-p 00000000 00:00 0 
7f32cc7ec000-7f32cc83b000 ---p 00000000 00:00 0 
7f32cc83b000-7f32cc8d8000 rw-p 00000000 00:00 0 
7f32cc8d8000-7f32cc926000 ---p 00000000 00:00 0 
7f32cc926000-7f32cc99c000 rw-p 00000000 00:00 0 
7f32cc99c000-7f32cc9a7000 rw-p 00000000 00:00 0 
7f32cc9a7000-7f32ccd5d000 ---p 00000000 00:00 0 
7f32ccd5d000-7f32ccd65000 r-xp 00000000 08:01 132634                     /usr/lib/jvm/java-8-openjdk-amd64/jre/lib/amd64/libzip.so
7f32ccd65000-7f32ccf64000 ---p 00008000 08:01 132634                     /usr/lib/jvm/java-8-openjdk-amd64/jre/lib/amd64/libzip.so
7f32ccf64000-7f32ccf65000 r--p 00007000 08:01 132634                     /usr/lib/jvm/java-8-openjdk-amd64/jre/lib/amd64/libzip.so
7f32ccf65000-7f32ccf66000 rw-p 00008000 08:01 132634                     /usr/lib/jvm/java-8-openjdk-amd64/jre/lib/amd64/libzip.so
7f32ccf66000-7f32ccf70000 r-xp 00000000 08:01 5983                       /lib/x86_64-linux-gnu/libnss_files-2.19.so
7f32ccf70000-7f32cd16f000 ---p 0000a000 08:01 5983                       /lib/x86_64-linux-gnu/libnss_files-2.19.so
7f32cd16f000-7f32cd170000 r--p 00009000 08:01 5983                       /lib/x86_64-linux-gnu/libnss_files-2.19.so
7f32cd170000-7f32cd171000 rw-p 0000a000 08:01 5983                       /lib/x86_64-linux-gnu/libnss_files-2.19.so
7f32cd171000-7f32cd17c000 r-xp 00000000 08:01 5993                       /lib/x86_64-linux-gnu/libnss_nis-2.19.so
7f32cd17c000-7f32cd37b000 ---p 0000b000 08:01 5993                       /lib/x86_64-linux-gnu/libnss_nis-2.19.so
7f32cd37b000-7f32cd37c000 r--p 0000a000 08:01 5993                       /lib/x86_64-linux-gnu/libnss_nis-2.19.so
7f32cd37c000-7f32cd37d000 rw-p 0000b000 08:01 5993                       /lib/x86_64-linux-gnu/libnss_nis-2.19.so
7f32cd37d000-7f32cd394000 r-xp 00000000 08:01 5977                       /lib/x86_64-linux-gnu/libnsl-2.19.so
7f32cd394000-7f32cd593000 ---p 00017000 08:01 5977                       /lib/x86_64-linux-gnu/libnsl-2.19.so
7f32cd593000-7f32cd594000 r--p 00016000 08:01 5977                       /lib/x86_64-linux-gnu/libnsl-2.19.so
7f32cd594000-7f32cd595000 rw-p 00017000 08:01 5977                       /lib/x86_64-linux-gnu/libnsl-2.19.so
7f32cd595000-7f32cd597000 rw-p 00000000 00:00 0 
7f32cd597000-7f32cd5a0000 r-xp 00000000 08:01 5979                       /lib/x86_64-linux-gnu/libnss_compat-2.19.so
7f32cd5a0000-7f32cd79f000 ---p 00009000 08:01 5979                       /lib/x86_64-linux-gnu/libnss_compat-2.19.so
7f32cd79f000-7f32cd7a0000 r--p 00008000 08:01 5979                       /lib/x86_64-linux-gnu/libnss_compat-2.19.so
7f32cd7a0000-7f32cd7a1000 rw-p 00009000 08:01 5979                       /lib/x86_64-linux-gnu/libnss_compat-2.19.so
7f32cd7a1000-7f32cd7ce000 r-xp 00000000 08:01 132644                     /usr/lib/jvm/java-8-openjdk-amd64/jre/lib/amd64/libjava.so
7f32cd7ce000-7f32cd9cd000 ---p 0002d000 08:01 132644                     /usr/lib/jvm/java-8-openjdk-amd64/jre/lib/amd64/libjava.so
7f32cd9cd000-7f32cd9ce000 r--p 0002c000 08:01 132644                     /usr/lib/jvm/java-8-openjdk-amd64/jre/lib/amd64/libjava.so
7f32cd9ce000-7f32cd9d0000 rw-p 0002d000 08:01 132644                     /usr/lib/jvm/java-8-openjdk-amd64/jre/lib/amd64/libjava.so
7f32cd9d0000-7f32cd9e0000 r-xp 00000000 08:01 132624                     /usr/lib/jvm/java-8-openjdk-amd64/jre/lib/amd64/libverify.so
7f32cd9e0000-7f32cdbdf000 ---p 00010000 08:01 132624                     /usr/lib/jvm/java-8-openjdk-amd64/jre/lib/amd64/libverify.so
7f32cdbdf000-7f32cdbe1000 r--p 0000f000 08:01 132624                     /usr/lib/jvm/java-8-openjdk-amd64/jre/lib/amd64/libverify.so
7f32cdbe1000-7f32cdbe2000 rw-p 00011000 08:01 132624                     /usr/lib/jvm/java-8-openjdk-amd64/jre/lib/amd64/libverify.so
7f32cdbe2000-7f32cdbe9000 r-xp 00000000 08:01 6036                       /lib/x86_64-linux-gnu/librt-2.19.so
7f32cdbe9000-7f32cdde8000 ---p 00007000 08:01 6036                       /lib/x86_64-linux-gnu/librt-2.19.so
7f32cdde8000-7f32cdde9000 r--p 00006000 08:01 6036                       /lib/x86_64-linux-gnu/librt-2.19.so
7f32cdde9000-7f32cddea000 rw-p 00007000 08:01 6036                       /lib/x86_64-linux-gnu/librt-2.19.so
7f32cddea000-7f32cde00000 r-xp 00000000 08:01 16025                      /lib/x86_64-linux-gnu/libgcc_s.so.1
7f32cde00000-7f32cdfff000 ---p 00016000 08:01 16025                      /lib/x86_64-linux-gnu/libgcc_s.so.1
7f32cdfff000-7f32ce000000 r--p 00015000 08:01 16025                      /lib/x86_64-linux-gnu/libgcc_s.so.1
7f32ce000000-7f32ce001000 rw-p 00016000 08:01 16025                      /lib/x86_64-linux-gnu/libgcc_s.so.1
7f32ce001000-7f32ce106000 r-xp 00000000 08:01 5958                       /lib/x86_64-linux-gnu/libm-2.19.so
7f32ce106000-7f32ce305000 ---p 00105000 08:01 5958                       /lib/x86_64-linux-gnu/libm-2.19.so
7f32ce305000-7f32ce306000 r--p 00104000 08:01 5958                       /lib/x86_64-linux-gnu/libm-2.19.so
7f32ce306000-7f32ce307000 rw-p 00105000 08:01 5958                       /lib/x86_64-linux-gnu/libm-2.19.so
7f32ce307000-7f32ce40d000 r-xp 00000000 08:01 132575                     /usr/lib/x86_64-linux-gnu/libstdc++.so.6.0.22
7f32ce40d000-7f32ce60c000 ---p 00106000 08:01 132575                     /usr/lib/x86_64-linux-gnu/libstdc++.so.6.0.22
7f32ce60c000-7f32ce614000 r--p 00105000 08:01 132575                     /usr/lib/x86_64-linux-gnu/libstdc++.so.6.0.22
7f32ce614000-7f32ce616000 rw-p 0010d000 08:01 132575                     /usr/lib/x86_64-linux-gnu/libstdc++.so.6.0.22
7f32ce616000-7f32ce619000 rw-p 00000000 00:00 0 
7f32ce619000-7f32cf211000 r-xp 00000000 08:01 132629                     /usr/lib/jvm/java-8-openjdk-amd64/jre/lib/amd64/server/libjvm.so
7f32cf211000-7f32cf411000 ---p 00bf8000 08:01 132629                     /usr/lib/jvm/java-8-openjdk-amd64/jre/lib/amd64/server/libjvm.so
7f32cf411000-7f32cf4af000 r--p 00bf8000 08:01 132629                     /usr/lib/jvm/java-8-openjdk-amd64/jre/lib/amd64/server/libjvm.so
7f32cf4af000-7f32cf4d8000 rw-p 00c96000 08:01 132629                     /usr/lib/jvm/java-8-openjdk-amd64/jre/lib/amd64/server/libjvm.so
7f32cf4d8000-7f32cf50a000 rw-p 00000000 00:00 0 
7f32cf50a000-7f32cf523000 r-xp 00000000 08:01 6028                       /lib/x86_64-linux-gnu/libpthread-2.19.so
7f32cf523000-7f32cf722000 ---p 00019000 08:01 6028                       /lib/x86_64-linux-gnu/libpthread-2.19.so
7f32cf722000-7f32cf723000 r--p 00018000 08:01 6028                       /lib/x86_64-linux-gnu/libpthread-2.19.so
7f32cf723000-7f32cf724000 rw-p 00019000 08:01 6028                       /lib/x86_64-linux-gnu/libpthread-2.19.so
7f32cf724000-7f32cf728000 rw-p 00000000 00:00 0 
7f32cf728000-7f32cf72b000 r-xp 00000000 08:01 5925                       /lib/x86_64-linux-gnu/libdl-2.19.so
7f32cf72b000-7f32cf92a000 ---p 00003000 08:01 5925                       /lib/x86_64-linux-gnu/libdl-2.19.so
7f32cf92a000-7f32cf92b000 r--p 00002000 08:01 5925                       /lib/x86_64-linux-gnu/libdl-2.19.so
7f32cf92b000-7f32cf92c000 rw-p 00003000 08:01 5925                       /lib/x86_64-linux-gnu/libdl-2.19.so
7f32cf92c000-7f32cf944000 r-xp 00000000 08:01 6071                       /lib/x86_64-linux-gnu/libz.so.1.2.8
7f32cf944000-7f32cfb43000 ---p 00018000 08:01 6071                       /lib/x86_64-linux-gnu/libz.so.1.2.8
7f32cfb43000-7f32cfb44000 r--p 00017000 08:01 6071                       /lib/x86_64-linux-gnu/libz.so.1.2.8
7f32cfb44000-7f32cfb45000 rw-p 00018000 08:01 6071                       /lib/x86_64-linux-gnu/libz.so.1.2.8
7f32cfb45000-7f32cfcff000 r-xp 00000000 08:01 5908                       /lib/x86_64-linux-gnu/libc-2.19.so
7f32cfcff000-7f32cfeff000 ---p 001ba000 08:01 5908                       /lib/x86_64-linux-gnu/libc-2.19.so
7f32cfeff000-7f32cff03000 r--p 001ba000 08:01 5908                       /lib/x86_64-linux-gnu/libc-2.19.so
7f32cff03000-7f32cff05000 rw-p 001be000 08:01 5908                       /lib/x86_64-linux-gnu/libc-2.19.so
7f32cff05000-7f32cff0a000 rw-p 00000000 00:00 0 
7f32cff0a000-7f32cff17000 r-xp 00000000 08:01 132640                     /usr/lib/jvm/java-8-openjdk-amd64/jre/lib/amd64/jli/libjli.so
7f32cff17000-7f32d0117000 ---p 0000d000 08:01 132640                     /usr/lib/jvm/java-8-openjdk-amd64/jre/lib/amd64/jli/libjli.so
7f32d0117000-7f32d0118000 r--p 0000d000 08:01 132640                     /usr/lib/jvm/java-8-openjdk-amd64/jre/lib/amd64/jli/libjli.so
7f32d0118000-7f32d0119000 rw-p 0000e000 08:01 132640                     /usr/lib/jvm/java-8-openjdk-amd64/jre/lib/amd64/jli/libjli.so
7f32d0119000-7f32d013c000 r-xp 00000000 08:01 5884                       /lib/x86_64-linux-gnu/ld-2.19.so
7f32d013c000-7f32d0141000 r--s 0003b000 08:01 132676                     /usr/lib/jvm/java-8-openjdk-amd64/jre/lib/ext/sunjce_provider.jar
7f32d0141000-7f32d0212000 rw-p 00000000 00:00 0 
7f32d0212000-7f32d0215000 ---p 00000000 00:00 0 
7f32d0215000-7f32d0318000 rw-p 00000000 00:00 0 
7f32d0318000-7f32d0319000 r--s 0000a000 08:01 132671                     /usr/lib/jvm/java-8-openjdk-amd64/jre/lib/ext/jaccess.jar
7f32d0319000-7f32d031b000 r--s 00001000 08:01 132669                     /usr/lib/jvm/java-8-openjdk-amd64/jre/lib/ext/dnsns.jar
7f32d031b000-7f32d031f000 r--s 00037000 08:01 132668                     /usr/lib/jvm/java-8-openjdk-amd64/jre/lib/ext/sunpkcs11.jar
7f32d031f000-7f32d0321000 r--s 00008000 08:01 132672                     /usr/lib/jvm/java-8-openjdk-amd64/jre/lib/ext/sunec.jar
7f32d0321000-7f32d032f000 rw-p 00000000 00:00 0 
7f32d032f000-7f32d0337000 rw-s 00000000 08:01 45426                      /tmp/hsperfdata_naccontrols/6232
7f32d0337000-7f32d0338000 rw-p 00000000 00:00 0 
7f32d0338000-7f32d0339000 ---p 00000000 00:00 0 
7f32d0339000-7f32d033b000 rw-p 00000000 00:00 0 
7f32d033b000-7f32d033c000 r--p 00022000 08:01 5884                       /lib/x86_64-linux-gnu/ld-2.19.so
7f32d033c000-7f32d033d000 rw-p 00023000 08:01 5884                       /lib/x86_64-linux-gnu/ld-2.19.so
7f32d033d000-7f32d033e000 rw-p 00000000 00:00 0 
7fff0bbe6000-7fff0bc07000 rw-p 00000000 00:00 0                          [stack]
7fff0bd02000-7fff0bd04000 r--p 00000000 00:00 0                          [vvar]
7fff0bd04000-7fff0bd06000 r-xp 00000000 00:00 0                          [vdso]
ffffffffff600000-ffffffffff601000 r-xp 00000000 00:00 0                  [vsyscall]

VM Arguments:
jvm_args: -Djava.library.path=/home/naccontrols/wpilib/simulation/jar 
java_command: /home/naccontrols/eclipse_workspace/GearsBot_CmdDemo/dist/FRCUserProgramSim.jar
java_class_path (initial): /home/naccontrols/eclipse_workspace/GearsBot_CmdDemo/dist/FRCUserProgramSim.jar
Launcher Type: SUN_STANDARD

Environment Variables:
PATH=/home/naccontrols/bin:/usr/local/sbin:/usr/local/bin:/usr/sbin:/usr/bin:/sbin:/bin:/usr/games:/usr/local/games:/usr/local/vmware-tools/bin:/usr/local/vmware-tools/sbin
SHELL=/bin/bash
DISPLAY=:0

Signal Handlers:
SIGSEGV: [libjvm.so+0x9fddb0], sa_mask[0]=11111111011111111101111111111110, sa_flags=SA_RESTART|SA_SIGINFO
SIGBUS: [libjvm.so+0x9fddb0], sa_mask[0]=11111111011111111101111111111110, sa_flags=SA_RESTART|SA_SIGINFO
SIGFPE: [libjvm.so+0x85be50], sa_mask[0]=11111111011111111101111111111110, sa_flags=SA_RESTART|SA_SIGINFO
SIGPIPE: [libjvm.so+0x85be50], sa_mask[0]=11111111011111111101111111111110, sa_flags=SA_RESTART|SA_SIGINFO
SIGXFSZ: [libjvm.so+0x85be50], sa_mask[0]=11111111011111111101111111111110, sa_flags=SA_RESTART|SA_SIGINFO
SIGILL: [libjvm.so+0x85be50], sa_mask[0]=11111111011111111101111111111110, sa_flags=SA_RESTART|SA_SIGINFO
SIGUSR1: SIG_DFL, sa_mask[0]=00000000000000000000000000000000, sa_flags=none
SIGUSR2: [libjvm.so+0x85bd20], sa_mask[0]=00100000000000000000000000000000, sa_flags=SA_RESTART|SA_SIGINFO
SIGHUP: [libjvm.so+0x85bf10], sa_mask[0]=11111111011111111101111111111110, sa_flags=SA_RESTART|SA_SIGINFO
SIGINT: [libjvm.so+0x85bf10], sa_mask[0]=11111111011111111101111111111110, sa_flags=SA_RESTART|SA_SIGINFO
SIGTERM: [libjvm.so+0x85bf10], sa_mask[0]=11111111011111111101111111111110, sa_flags=SA_RESTART|SA_SIGINFO
SIGQUIT: [libjvm.so+0x85bf10], sa_mask[0]=11111111011111111101111111111110, sa_flags=SA_RESTART|SA_SIGINFO


---------------  S Y S T E M  ---------------

OS:DISTRIB_ID=Ubuntu
DISTRIB_RELEASE=14.04
DISTRIB_CODENAME=trusty
DISTRIB_DESCRIPTION="Ubuntu 14.04.5 LTS"

uname:Linux 4.4.0-31-generic #50~14.04.1-Ubuntu SMP Wed Jul 13 01:07:32 UTC 2016 x86_64
libc:glibc 2.19 NPTL 2.19 
rlimit: STACK 8192k, CORE 0k, NPROC 11178, NOFILE 4096, AS infinity
load average:7.03 3.56 3.02

/proc/meminfo:
MemTotal:        2884832 kB
MemFree:           69892 kB
MemAvailable:      15028 kB
Buffers:             176 kB
Cached:            30900 kB
SwapCached:          256 kB
Active:          1753608 kB
Inactive:         452840 kB
Active(anon):    1744896 kB
Inactive(anon):   438904 kB
Active(file):       8712 kB
Inactive(file):    13936 kB
Unevictable:          32 kB
Mlocked:              32 kB
SwapTotal:       1046524 kB
SwapFree:            144 kB
Dirty:               300 kB
Writeback:             0 kB
AnonPages:       2175172 kB
Mapped:            22100 kB
Shmem:              8420 kB
Slab:              93504 kB
SReclaimable:      25004 kB
SUnreclaim:        68500 kB
KernelStack:       14704 kB
PageTables:        39124 kB
NFS_Unstable:          0 kB
Bounce:                0 kB
WritebackTmp:          0 kB
CommitLimit:     2488940 kB
Committed_AS:    6658176 kB
VmallocTotal:   34359738367 kB
VmallocUsed:           0 kB
VmallocChunk:          0 kB
HardwareCorrupted:     0 kB
AnonHugePages:   1177600 kB
CmaTotal:              0 kB
CmaFree:               0 kB
HugePages_Total:       0
HugePages_Free:        0
HugePages_Rsvd:        0
HugePages_Surp:        0
Hugepagesize:       2048 kB
DirectMap4k:       79744 kB
DirectMap2M:     2885632 kB


CPU:total 2 (1 cores per cpu, 1 threads per core) family 6 model 37 stepping 5, cmov, cx8, fxsr, mmx, sse, sse2, sse3, ssse3, sse4.1, sse4.2, popcnt, aes, clmul, tsc, tscinvbit

/proc/cpuinfo:
processor	: 0
vendor_id	: GenuineIntel
cpu family	: 6
model		: 37
model name	: Intel(R) Core(TM) i7 CPU       M 620  @ 2.67GHz
stepping	: 5
microcode	: 0x2
cpu MHz		: 2660.039
cache size	: 4096 KB
physical id	: 0
siblings	: 1
core id		: 0
cpu cores	: 1
apicid		: 0
initial apicid	: 0
fpu		: yes
fpu_exception	: yes
cpuid level	: 11
wp		: yes
flags		: fpu vme de pse tsc msr pae mce cx8 apic sep mtrr pge mca cmov pat pse36 clflush dts mmx fxsr sse sse2 ss syscall nx rdtscp lm constant_tsc arch_perfmon pebs bts nopl xtopology tsc_reliable nonstop_tsc aperfmperf pni pclmulqdq vmx ssse3 cx16 sse4_1 sse4_2 x2apic popcnt tsc_deadline_timer aes hypervisor lahf_lm tpr_shadow vnmi ept vpid tsc_adjust dtherm ida arat
bugs		:
bogomips	: 5320.07
clflush size	: 64
cache_alignment	: 64
address sizes	: 42 bits physical, 48 bits virtual
power management:

processor	: 1
vendor_id	: GenuineIntel
cpu family	: 6
model		: 37
model name	: Intel(R) Core(TM) i7 CPU       M 620  @ 2.67GHz
stepping	: 5
microcode	: 0x2
cpu MHz		: 2660.039
cache size	: 4096 KB
physical id	: 2
siblings	: 1
core id		: 0
cpu cores	: 1
apicid		: 2
initial apicid	: 2
fpu		: yes
fpu_exception	: yes
cpuid level	: 11
wp		: yes
flags		: fpu vme de pse tsc msr pae mce cx8 apic sep mtrr pge mca cmov pat pse36 clflush dts mmx fxsr sse sse2 ss syscall nx rdtscp lm constant_tsc arch_perfmon pebs bts nopl xtopology tsc_reliable nonstop_tsc aperfmperf pni pclmulqdq vmx ssse3 cx16 sse4_1 sse4_2 x2apic popcnt tsc_deadline_timer aes hypervisor lahf_lm tpr_shadow vnmi ept vpid tsc_adjust dtherm ida arat
bugs		:
bogomips	: 5320.07
clflush size	: 64
cache_alignment	: 64
address sizes	: 42 bits physical, 48 bits virtual
power management:



Memory: 4k page, physical 2884832k(69132k free), swap 1046524k(152k free)

vm_info: OpenJDK 64-Bit Server VM (25.111-b14) for linux-amd64 JRE (1.8.0_111-8u111-b14-3~14.04.1-b14), built on Nov  5 2016 13:21:07 by "buildd" with gcc 4.8.4

time: Fri Jan 13 18:05:08 2017
elapsed time: 133 seconds (0d 0h 2m 13s)

