  Main.cpp
c:\opencv\build\include\opencv2\flann\logger.h(66): warning C4996: 'fopen': This function or variable may be unsafe. Consider using fopen_s instead. To disable deprecation, use _CRT_SECURE_NO_WARNINGS. See online help for details.
  C:\Program Files (x86)\Windows Kits\10\Include\10.0.10240.0\ucrt\stdio.h(205): note: see declaration of 'fopen'
Main.cpp(39): warning C4474: 'sprintf' : too many arguments passed for format string
  Main.cpp(39): note: placeholders and their parameters expect 0 variadic arguments, but 1 were provided
Main.cpp(39): warning C4996: 'sprintf': This function or variable may be unsafe. Consider using sprintf_s instead. To disable deprecation, use _CRT_SECURE_NO_WARNINGS. See online help for details.
  C:\Program Files (x86)\Windows Kits\10\Include\10.0.10240.0\ucrt\stdio.h(1769): note: see declaration of 'sprintf'
Main.cpp(40): warning C4474: 'sprintf' : too many arguments passed for format string
  Main.cpp(40): note: placeholders and their parameters expect 0 variadic arguments, but 1 were provided
Main.cpp(40): warning C4996: 'sprintf': This function or variable may be unsafe. Consider using sprintf_s instead. To disable deprecation, use _CRT_SECURE_NO_WARNINGS. See online help for details.
  C:\Program Files (x86)\Windows Kits\10\Include\10.0.10240.0\ucrt\stdio.h(1769): note: see declaration of 'sprintf'
Main.cpp(41): warning C4474: 'sprintf' : too many arguments passed for format string
  Main.cpp(41): note: placeholders and their parameters expect 0 variadic arguments, but 1 were provided
Main.cpp(41): warning C4996: 'sprintf': This function or variable may be unsafe. Consider using sprintf_s instead. To disable deprecation, use _CRT_SECURE_NO_WARNINGS. See online help for details.
  C:\Program Files (x86)\Windows Kits\10\Include\10.0.10240.0\ucrt\stdio.h(1769): note: see declaration of 'sprintf'
Main.cpp(42): warning C4474: 'sprintf' : too many arguments passed for format string
  Main.cpp(42): note: placeholders and their parameters expect 0 variadic arguments, but 1 were provided
Main.cpp(42): warning C4996: 'sprintf': This function or variable may be unsafe. Consider using sprintf_s instead. To disable deprecation, use _CRT_SECURE_NO_WARNINGS. See online help for details.
  C:\Program Files (x86)\Windows Kits\10\Include\10.0.10240.0\ucrt\stdio.h(1769): note: see declaration of 'sprintf'
Main.cpp(43): warning C4474: 'sprintf' : too many arguments passed for format string
  Main.cpp(43): note: placeholders and their parameters expect 0 variadic arguments, but 1 were provided
Main.cpp(43): warning C4996: 'sprintf': This function or variable may be unsafe. Consider using sprintf_s instead. To disable deprecation, use _CRT_SECURE_NO_WARNINGS. See online help for details.
  C:\Program Files (x86)\Windows Kits\10\Include\10.0.10240.0\ucrt\stdio.h(1769): note: see declaration of 'sprintf'
Main.cpp(44): warning C4474: 'sprintf' : too many arguments passed for format string
  Main.cpp(44): note: placeholders and their parameters expect 0 variadic arguments, but 1 were provided
Main.cpp(44): warning C4996: 'sprintf': This function or variable may be unsafe. Consider using sprintf_s instead. To disable deprecation, use _CRT_SECURE_NO_WARNINGS. See online help for details.
  C:\Program Files (x86)\Windows Kits\10\Include\10.0.10240.0\ucrt\stdio.h(1769): note: see declaration of 'sprintf'
  Generating code
  27 of 274 functions ( 9.9%) were compiled, the rest were copied from previous compilation.
    0 functions were new in current compilation
    2 functions had inline decision re-evaluated but remain unchanged
  Finished generating code
  ImporvedObjectTracker.vcxproj -> C:\Users\Colby\Documents\Visual Studio 2015\Projects\ImporvedObjectTracker\x64\Release\ImporvedObjectTracker.exe
  ImporvedObjectTracker.vcxproj -> C:\Users\Colby\Documents\Visual Studio 2015\Projects\ImporvedObjectTracker\x64\Release\ImporvedObjectTracker.pdb (Full PDB)
